Using pre-set license
Built from '2021.1/release' branch; Version is '2021.1.4f1 (4cd64a618c1b) revision 5035594'; Using compiler version '192528614'; Build Type 'Release'
OS: 'Windows 10 Home Single Language; OS build 19042.1466; Version 2009; 64bit' Language: 'en' Physical Memory: 12188 MB
BatchMode: 1, IsHumanControllingUs: 0, StartBugReporterOnCrash: 0, Is64bit: 1, IsPro: 0

 COMMAND LINE ARGUMENTS:
C:\Program Files\Unity 2021.1.4f1\Editor\Unity.exe
-adb2
-batchMode
-noUpm
-name
AssetImportWorker0
-projectPath
C:/Users/justi/OneDrive/Documents/GitHub/damath-game/DaMath Game
-logFile
Logs/AssetImportWorker0.log
-srvPort
58270
Successfully changed project path to: C:/Users/justi/OneDrive/Documents/GitHub/damath-game/DaMath Game
C:/Users/justi/OneDrive/Documents/GitHub/damath-game/DaMath Game
Using Asset Import Pipeline V2.
Refreshing native plugins compatible for Editor in 164.71 ms, found 3 plugins.
Preloading 0 native plugins for Editor in 0.00 ms.
Initialize engine version: 2021.1.4f1 (4cd64a618c1b)
[Subsystems] Discovering subsystems at path C:/Program Files/Unity 2021.1.4f1/Editor/Data/Resources/UnitySubsystems
[Subsystems] Discovering subsystems at path C:/Users/justi/OneDrive/Documents/GitHub/damath-game/DaMath Game/Assets
GfxDevice: creating device client; threaded=0; jobified=0
Direct3D:
    Version:  Direct3D 11.0 [level 11.0]
    Renderer: NVIDIA GeForce 920MX (ID=0x134f)
    Vendor:   NVIDIA
    VRAM:     2020 MB
    Driver:   22.21.13.8264
Shader 'Universal Render Pipeline/Particles/Lit': fallback shader 'Universal Render Pipeline/Particles/SimpleLit' not found
Initialize mono
Mono path[0] = 'C:/Program Files/Unity 2021.1.4f1/Editor/Data/Managed'
Mono path[1] = 'C:/Program Files/Unity 2021.1.4f1/Editor/Data/MonoBleedingEdge/lib/mono/unityjit'
Mono config path = 'C:/Program Files/Unity 2021.1.4f1/Editor/Data/MonoBleedingEdge/etc'
Using monoOptions --debugger-agent=transport=dt_socket,embedding=1,server=y,suspend=n,address=127.0.0.1:56932
Begin MonoManager ReloadAssembly
Registering precompiled unity dll's ...
Register platform support module: C:/Program Files/Unity 2021.1.4f1/Editor/Data/PlaybackEngines/WindowsStandaloneSupport/UnityEditor.WindowsStandalone.Extensions.dll
Registered in 0.002103 seconds.
Native extension for WindowsStandalone target not found
Refreshing native plugins compatible for Editor in 167.86 ms, found 3 plugins.
Preloading 0 native plugins for Editor in 0.00 ms.
Mono: successfully reloaded assembly
- Completed reload, in  2.065 seconds
Platform modules already initialized, skipping
Registering precompiled user dll's ...
Registered in 0.013701 seconds.
Begin MonoManager ReloadAssembly
Native extension for WindowsStandalone target not found
Refreshing native plugins compatible for Editor in 167.15 ms, found 3 plugins.
Preloading 0 native plugins for Editor in 0.00 ms.
Mono: successfully reloaded assembly
- Completed reload, in  2.078 seconds
Platform modules already initialized, skipping
========================================================================
Worker process is ready to serve import requests
Shader 'Universal Render Pipeline/Particles/Lit': fallback shader 'Universal Render Pipeline/Particles/SimpleLit' not found
Launched and connected shader compiler UnityShaderCompiler.exe after 0.06 seconds
Refreshing native plugins compatible for Editor in 1.00 ms, found 3 plugins.
Preloading 0 native plugins for Editor in 0.00 ms.
Unloading 4697 Unused Serialized files (Serialized files now loaded: 0)
System memory in use before: 196.3 MB.
System memory in use after: 196.5 MB.

Unloading 30 unused Assets to reduce memory usage. Loaded Objects now: 5155.
Total: 3.600200 ms (FindLiveObjects: 0.406700 ms CreateObjectMapping: 0.344900 ms MarkObjects: 2.765400 ms  DeleteObjects: 0.081700 ms)

========================================================================
Received Import Request.
  path: Assets/Audio/LobbyBGMusic.mp3
  artifactKey: Guid(d38f47e71de2e2448add0cbbe608b4e0) Importer(815301076,1909f56bfc062723c751e8b465ee728b)
Start importing Assets/Audio/LobbyBGMusic.mp3 using Guid(d38f47e71de2e2448add0cbbe608b4e0) Importer(815301076,1909f56bfc062723c751e8b465ee728b)  -> (artifact id: 'cd3bfe25724487e774b466ff1d91b793') in 0.148251 seconds 
========================================================================
Received Import Request.
  Time since last request: 0.000381 seconds.
  path: Assets/Audio/Pause Btn SFX.mp3
  artifactKey: Guid(3f5614249617b18428f34ab250d279b3) Importer(815301076,1909f56bfc062723c751e8b465ee728b)
Start importing Assets/Audio/Pause Btn SFX.mp3 using Guid(3f5614249617b18428f34ab250d279b3) Importer(815301076,1909f56bfc062723c751e8b465ee728b)  -> (artifact id: '9f9e45f4802ca6bf9a5ce1a595392cc4') in 0.018094 seconds 
========================================================================
Received Import Request.
  Time since last request: 5.771828 seconds.
  path: Assets/Audio/VictorySFX.mp3
  artifactKey: Guid(124f63d055d3ae549ade0bc528645062) Importer(815301076,1909f56bfc062723c751e8b465ee728b)
Start importing Assets/Audio/VictorySFX.mp3 using Guid(124f63d055d3ae549ade0bc528645062) Importer(815301076,1909f56bfc062723c751e8b465ee728b)  -> (artifact id: 'd0b4263c5e729eb65d2c2b8c73d22bcf') in 0.019188 seconds 
========================================================================
Received Import Request.
  Time since last request: 12.452238 seconds.
  path: Assets/Audio/Btn Click SFX.mp3
  artifactKey: Guid(3e4248bfcf721684a963ad8cabe79e6d) Importer(815301076,1909f56bfc062723c751e8b465ee728b)
Start importing Assets/Audio/Btn Click SFX.mp3 using Guid(3e4248bfcf721684a963ad8cabe79e6d) Importer(815301076,1909f56bfc062723c751e8b465ee728b)  -> (artifact id: 'e9494efed21c87812670b1fcde6cb0c3') in 0.025030 seconds 
========================================================================
Received Import Request.
  Time since last request: 10.753428 seconds.
  path: Assets/Audio/PauseBGMusic.mp3
  artifactKey: Guid(f72fa57299a6a454196392a6f4012c7d) Importer(815301076,1909f56bfc062723c751e8b465ee728b)
Start importing Assets/Audio/PauseBGMusic.mp3 using Guid(f72fa57299a6a454196392a6f4012c7d) Importer(815301076,1909f56bfc062723c751e8b465ee728b)  -> (artifact id: '618200525a68f088e2610281f441ddd0') in 0.030021 seconds 
========================================================================
Received Import Request.
  Time since last request: 25.972264 seconds.
  path: Assets/Audio/PauseBGMusic 1.mp3
  artifactKey: Guid(d6c66747e3fa9db40a3ed19e6a75b9e8) Importer(815301076,1909f56bfc062723c751e8b465ee728b)
Start importing Assets/Audio/PauseBGMusic 1.mp3 using Guid(d6c66747e3fa9db40a3ed19e6a75b9e8) Importer(815301076,1909f56bfc062723c751e8b465ee728b)  -> (artifact id: '06f6d3514e41fab2323b7da816a680eb') in 0.027691 seconds 
========================================================================
Received Import Request.
  Time since last request: 2442.537662 seconds.
  path: Assets/FreeMusicPack1/WAV_06_Secret_Jungle-Adventure_loop_GamingLoops.com.wav
  artifactKey: Guid(2de3d9a96ae07ec499a5a2f95bb15d59) Importer(815301076,1909f56bfc062723c751e8b465ee728b)
Start importing Assets/FreeMusicPack1/WAV_06_Secret_Jungle-Adventure_loop_GamingLoops.com.wav using Guid(2de3d9a96ae07ec499a5a2f95bb15d59) Importer(815301076,1909f56bfc062723c751e8b465ee728b)  -> (artifact id: 'f486a31d6d13671f03531c7672bea5fb') in 0.097152 seconds 
========================================================================
Received Import Request.
  Time since last request: 182.574395 seconds.
  path: Assets/Audio/BGMusicMainMenu.wav
  artifactKey: Guid(2de3d9a96ae07ec499a5a2f95bb15d59) Importer(815301076,1909f56bfc062723c751e8b465ee728b)
Start importing Assets/Audio/BGMusicMainMenu.wav using Guid(2de3d9a96ae07ec499a5a2f95bb15d59) Importer(815301076,1909f56bfc062723c751e8b465ee728b)  -> (artifact id: 'df89430b03728b051732aee2651ae631') in 0.019049 seconds 
========================================================================
Received Import Request.
  Time since last request: 2.189040 seconds.
  path: Assets/Config/UniversalRenderPipelineAsset.asset
  artifactKey: Guid(0059c5944b7cdce41aa213fe2e9ee43d) Importer(815301076,1909f56bfc062723c751e8b465ee728b)
Start importing Assets/Config/UniversalRenderPipelineAsset.asset using Guid(0059c5944b7cdce41aa213fe2e9ee43d) Importer(815301076,1909f56bfc062723c751e8b465ee728b)  -> (artifact id: '9bd475997fdbe9ee6eb07e7ce23508f3') in 0.035030 seconds 
========================================================================
Received Prepare
Registering precompiled user dll's ...
Registered in 0.010754 seconds.
Begin MonoManager ReloadAssembly
Native extension for WindowsStandalone target not found
Refreshing native plugins compatible for Editor in 1.74 ms, found 3 plugins.
Preloading 0 native plugins for Editor in 0.00 ms.
Mono: successfully reloaded assembly
- Completed reload, in  2.565 seconds
Platform modules already initialized, skipping
Shader 'Universal Render Pipeline/Particles/Lit': fallback shader 'Universal Render Pipeline/Particles/SimpleLit' not found
Refreshing native plugins compatible for Editor in 2.38 ms, found 3 plugins.
Preloading 0 native plugins for Editor in 0.00 ms.
Unloading 4621 Unused Serialized files (Serialized files now loaded: 0)
System memory in use before: 193.5 MB.
System memory in use after: 193.7 MB.

Unloading 26 unused Assets to reduce memory usage. Loaded Objects now: 5167.
Total: 5.802600 ms (FindLiveObjects: 0.810700 ms CreateObjectMapping: 0.512900 ms MarkObjects: 4.049300 ms  DeleteObjects: 0.427700 ms)

AssetImportWorkerClient::OnTransportError - code=2 error=End of file
